Started GET "/" for 127.0.0.1 at 2020-04-21 05:31:39 -0400
  [1m[35m (40.8ms)[0m  [1m[34mSELECT sqlite_version(*)[0m
Processing by Rails::WelcomeController#index as HTML
  Rendering /Users/richardrosenthal/.rvm/gems/ruby-2.6.1/gems/railties-6.0.2.2/lib/rails/templates/rails/welcome/index.html.erb
  Rendered /Users/richardrosenthal/.rvm/gems/ruby-2.6.1/gems/railties-6.0.2.2/lib/rails/templates/rails/welcome/index.html.erb (Duration: 68.3ms | Allocations: 481)
Completed 200 OK in 227ms (Views: 151.6ms | ActiveRecord: 0.0ms | Allocations: 2742)


  [1m[35m (2.9ms)[0m  [1m[34mSELECT sqlite_version(*)[0m
  [1m[35m (1.6ms)[0m  [1m[35mCREATE TABLE "schema_migrations" ("version" varchar NOT NULL PRIMARY KEY)[0m
  [1m[35m (1.4ms)[0m  [1m[35mCREATE TABLE "ar_internal_metadata" ("key" varchar NOT NULL PRIMARY KEY, "value" varchar, "created_at" datetime(6) NOT NULL, "updated_at" datetime(6) NOT NULL)[0m
  [1m[35m (0.2ms)[0m  [1m[34mSELECT "schema_migrations"."version" FROM "schema_migrations" ORDER BY "schema_migrations"."version" ASC[0m
Migrating to CreatePosts (20200421093647)
  [1m[35m (0.1ms)[0m  [1m[36mbegin transaction[0m
  [1m[35m (0.4ms)[0m  [1m[35mCREATE TABLE "posts" ("id" integer PRIMARY KEY AUTOINCREMENT NOT NULL, "title" varchar, "created_at" datetime(6) NOT NULL, "updated_at" datetime(6) NOT NULL)[0m
  [1m[36mprimary::SchemaMigration Create (0.1ms)[0m  [1m[32mINSERT INTO "schema_migrations" ("version") VALUES (?)[0m  [["version", "20200421093647"]]
  [1m[35m (0.9ms)[0m  [1m[36mcommit transaction[0m
  [1m[36mActiveRecord::InternalMetadata Load (0.2ms)[0m  [1m[34mSELECT "ar_internal_metadata".* FROM "ar_internal_metadata" WHERE "ar_internal_metadata"."key" = ? LIMIT ?[0m  [["key", "environment"], ["LIMIT", 1]]
  [1m[35m (0.0ms)[0m  [1m[36mbegin transaction[0m
  [1m[36mActiveRecord::InternalMetadata Create (0.3ms)[0m  [1m[32mINSERT INTO "ar_internal_metadata" ("key", "value", "created_at", "updated_at") VALUES (?, ?, ?, ?)[0m  [["key", "environment"], ["value", "development"], ["created_at", "2020-04-21 09:37:35.063292"], ["updated_at", "2020-04-21 09:37:35.063292"]]
  [1m[35m (0.9ms)[0m  [1m[36mcommit transaction[0m
  [1m[35m (0.0ms)[0m  [1m[34mSELECT sqlite_version(*)[0m
  [1m[35m (0.1ms)[0m  [1m[34mSELECT "schema_migrations"."version" FROM "schema_migrations" ORDER BY "schema_migrations"."version" ASC[0m
Started GET "/" for 127.0.0.1 at 2020-04-21 05:38:26 -0400
  [1m[35m (26.6ms)[0m  [1m[34mSELECT sqlite_version(*)[0m
  [1m[35m (0.4ms)[0m  [1m[34mSELECT "schema_migrations"."version" FROM "schema_migrations" ORDER BY "schema_migrations"."version" ASC[0m
Processing by Rails::WelcomeController#index as HTML
  Rendering /Users/richardrosenthal/.rvm/gems/ruby-2.6.1/gems/railties-6.0.2.2/lib/rails/templates/rails/welcome/index.html.erb
  Rendered /Users/richardrosenthal/.rvm/gems/ruby-2.6.1/gems/railties-6.0.2.2/lib/rails/templates/rails/welcome/index.html.erb (Duration: 16.8ms | Allocations: 316)
Completed 200 OK in 75ms (Views: 24.5ms | ActiveRecord: 0.0ms | Allocations: 1703)


Started GET "/posts" for 127.0.0.1 at 2020-04-21 05:38:33 -0400
Processing by PostsController#index as HTML
  Rendering posts/index.html.erb within layouts/application
  [1m[36mPost Load (0.5ms)[0m  [1m[34mSELECT "posts".* FROM "posts"[0m
  ↳ app/views/posts/index.html.erb:14
  Rendered posts/index.html.erb within layouts/application (Duration: 41.8ms | Allocations: 1227)
[Webpacker] Compiling...
[Webpacker] Compiled all packs in /Users/richardrosenthal/Desktop/blog/public/packs
[Webpacker] Hash: 32e57f147dbdcbbf0c82
Version: webpack 4.42.1
Time: 5081ms
Built at: 04/21/2020 5:38:44 AM
                                     Asset       Size       Chunks                         Chunk Names
    js/application-bbe9c4a129ab949e0636.js    124 KiB  application  [emitted] [immutable]  application
js/application-bbe9c4a129ab949e0636.js.map    139 KiB  application  [emitted] [dev]        application
                             manifest.json  364 bytes               [emitted]              
Entrypoint application = js/application-bbe9c4a129ab949e0636.js js/application-bbe9c4a129ab949e0636.js.map
[./app/javascript/channels sync recursive _channel\.js$] ./app/javascript/channels sync _channel\.js$ 160 bytes {application} [built]
[./app/javascript/channels/index.js] 211 bytes {application} [built]
[./app/javascript/packs/application.js] 749 bytes {application} [built]
[./node_modules/webpack/buildin/module.js] (webpack)/buildin/module.js 552 bytes {application} [built]
    + 3 hidden modules

Completed 200 OK in 11390ms (Views: 11298.5ms | ActiveRecord: 0.9ms | Allocations: 23863)


Started GET "/posts/new" for 127.0.0.1 at 2020-04-21 05:38:47 -0400
Processing by PostsController#new as HTML
  Rendering posts/new.html.erb within layouts/application
  Rendered posts/_form.html.erb (Duration: 301.1ms | Allocations: 7492)
  Rendered posts/new.html.erb within layouts/application (Duration: 325.5ms | Allocations: 7851)
[Webpacker] Everything's up-to-date. Nothing to do
Completed 200 OK in 339ms (Views: 333.4ms | ActiveRecord: 0.4ms | Allocations: 14243)


Started POST "/posts" for 127.0.0.1 at 2020-04-21 05:38:51 -0400
Processing by PostsController#create as HTML
  Parameters: {"authenticity_token"=>"Bz/P/gb8lz06nJZiRHdlxSkCzBT/pTC5b7g5+h9uYcGIjdlO+dN/H/EvS0v+MkcELRiazWd0xf0ykSs+IXQU/Q==", "post"=>{"title"=>"What up"}, "commit"=>"Create Post"}
  [1m[35m (0.1ms)[0m  [1m[36mbegin transaction[0m
  ↳ app/controllers/posts_controller.rb:30:in `block in create'
  [1m[36mPost Create (0.6ms)[0m  [1m[32mINSERT INTO "posts" ("title", "created_at", "updated_at") VALUES (?, ?, ?)[0m  [["title", "What up"], ["created_at", "2020-04-21 09:38:51.445589"], ["updated_at", "2020-04-21 09:38:51.445589"]]
  ↳ app/controllers/posts_controller.rb:30:in `block in create'
  [1m[35m (0.8ms)[0m  [1m[36mcommit transaction[0m
  ↳ app/controllers/posts_controller.rb:30:in `block in create'
Redirected to http://127.0.0.1:3000/posts/1
Completed 302 Found in 6ms (ActiveRecord: 1.5ms | Allocations: 2676)


Started GET "/posts/1" for 127.0.0.1 at 2020-04-21 05:38:51 -0400
Processing by PostsController#show as HTML
  Parameters: {"id"=>"1"}
  [1m[36mPost Load (0.3ms)[0m  [1m[34mSELECT "posts".* FROM "posts" WHERE "posts"."id" = ? LIMIT ?[0m  [["id", 1], ["LIMIT", 1]]
  ↳ app/controllers/posts_controller.rb:67:in `set_post'
  Rendering posts/show.html.erb within layouts/application
  Rendered posts/show.html.erb within layouts/application (Duration: 1.9ms | Allocations: 243)
[Webpacker] Everything's up-to-date. Nothing to do
Completed 200 OK in 54ms (Views: 8.5ms | ActiveRecord: 0.3ms | Allocations: 5195)


  [1m[35m (2.6ms)[0m  [1m[34mSELECT sqlite_version(*)[0m
  [1m[35m (0.2ms)[0m  [1m[34mSELECT "schema_migrations"."version" FROM "schema_migrations" ORDER BY "schema_migrations"."version" ASC[0m
Migrating to AddBodyToPosts (20200423003205)
  [1m[35m (0.1ms)[0m  [1m[36mbegin transaction[0m
  [1m[35m (0.6ms)[0m  [1m[35mALTER TABLE "posts" ADD "body" text[0m
  [1m[36mprimary::SchemaMigration Create (0.2ms)[0m  [1m[32mINSERT INTO "schema_migrations" ("version") VALUES (?)[0m  [["version", "20200423003205"]]
  [1m[35m (0.7ms)[0m  [1m[36mcommit transaction[0m
  [1m[36mActiveRecord::InternalMetadata Load (0.2ms)[0m  [1m[34mSELECT "ar_internal_metadata".* FROM "ar_internal_metadata" WHERE "ar_internal_metadata"."key" = ? LIMIT ?[0m  [["key", "environment"], ["LIMIT", 1]]
  [1m[35m (0.0ms)[0m  [1m[34mSELECT sqlite_version(*)[0m
  [1m[35m (0.1ms)[0m  [1m[34mSELECT "schema_migrations"."version" FROM "schema_migrations" ORDER BY "schema_migrations"."version" ASC[0m
Started GET "/" for ::1 at 2020-04-23 12:24:52 -0400
  [1m[35m (44.3ms)[0m  [1m[34mSELECT sqlite_version(*)[0m
  [1m[35m (0.6ms)[0m  [1m[34mSELECT "schema_migrations"."version" FROM "schema_migrations" ORDER BY "schema_migrations"."version" ASC[0m
Processing by Rails::WelcomeController#index as HTML
  Rendering /Users/richardrosenthal/.rvm/gems/ruby-2.6.1/gems/railties-6.0.2.2/lib/rails/templates/rails/welcome/index.html.erb
  Rendered /Users/richardrosenthal/.rvm/gems/ruby-2.6.1/gems/railties-6.0.2.2/lib/rails/templates/rails/welcome/index.html.erb (Duration: 16.5ms | Allocations: 316)
Completed 200 OK in 81ms (Views: 28.7ms | ActiveRecord: 0.0ms | Allocations: 1937)


Started GET "/posts" for ::1 at 2020-04-23 12:25:00 -0400
Processing by PostsController#index as HTML
  Rendering posts/index.html.erb within layouts/application
  [1m[36mPost Load (0.5ms)[0m  [1m[34mSELECT "posts".* FROM "posts"[0m
  ↳ app/views/posts/index.html.erb:19
  Rendered posts/index.html.erb within layouts/application (Duration: 10.9ms | Allocations: 5186)
[Webpacker] Everything's up-to-date. Nothing to do
Completed 200 OK in 101ms (Views: 94.6ms | ActiveRecord: 0.9ms | Allocations: 12933)


Started GET "/posts/new" for ::1 at 2020-04-23 12:25:04 -0400
Processing by PostsController#new as HTML
  Rendering posts/new.html.erb within layouts/application
  Rendered posts/_form.html.erb (Duration: 66.3ms | Allocations: 2596)
  Rendered posts/new.html.erb within layouts/application (Duration: 109.0ms | Allocations: 2950)
[Webpacker] Everything's up-to-date. Nothing to do
Completed 200 OK in 116ms (Views: 114.7ms | ActiveRecord: 0.0ms | Allocations: 7013)


Started POST "/posts" for ::1 at 2020-04-23 12:25:12 -0400
Processing by PostsController#create as HTML
  Parameters: {"authenticity_token"=>"RwOGnPk3Q70n2olvwjsAHGx5gsZjWWaHfVDP1l8mYmJRKsRiKwAw9GuVHsN5aLevVkTlqN3qX83qO0PD7DOLqw==", "post"=>{"title"=>"What up 2", "body"=>"Here's a post"}, "commit"=>"Create Post"}
[31mUnpermitted parameter: :body[0m
  [1m[35m (0.1ms)[0m  [1m[36mbegin transaction[0m
  ↳ app/controllers/posts_controller.rb:30:in `block in create'
  [1m[36mPost Create (0.7ms)[0m  [1m[32mINSERT INTO "posts" ("title", "created_at", "updated_at") VALUES (?, ?, ?)[0m  [["title", "What up 2"], ["created_at", "2020-04-23 16:25:12.714161"], ["updated_at", "2020-04-23 16:25:12.714161"]]
  ↳ app/controllers/posts_controller.rb:30:in `block in create'
  [1m[35m (0.7ms)[0m  [1m[36mcommit transaction[0m
  ↳ app/controllers/posts_controller.rb:30:in `block in create'
Redirected to http://localhost:3000/posts/2
Completed 302 Found in 6ms (ActiveRecord: 1.5ms | Allocations: 2732)


Started GET "/posts/2" for ::1 at 2020-04-23 12:25:12 -0400
Processing by PostsController#show as HTML
  Parameters: {"id"=>"2"}
  [1m[36mPost Load (0.2ms)[0m  [1m[34mSELECT "posts".* FROM "posts" WHERE "posts"."id" = ? LIMIT ?[0m  [["id", 2], ["LIMIT", 1]]
  ↳ app/controllers/posts_controller.rb:67:in `set_post'
  Rendering posts/show.html.erb within layouts/application
  Rendered posts/show.html.erb within layouts/application (Duration: 41.7ms | Allocations: 241)
[Webpacker] Everything's up-to-date. Nothing to do
Completed 200 OK in 52ms (Views: 48.6ms | ActiveRecord: 0.2ms | Allocations: 5199)


Started GET "/posts" for ::1 at 2020-04-23 12:25:14 -0400
Processing by PostsController#index as HTML
  Rendering posts/index.html.erb within layouts/application
  [1m[36mPost Load (0.1ms)[0m  [1m[34mSELECT "posts".* FROM "posts"[0m
  ↳ app/views/posts/index.html.erb:19
  Rendered posts/index.html.erb within layouts/application (Duration: 1.8ms | Allocations: 862)
[Webpacker] Everything's up-to-date. Nothing to do
Completed 200 OK in 10ms (Views: 8.9ms | ActiveRecord: 0.1ms | Allocations: 4762)


  [1m[35m (2.5ms)[0m  [1m[34mSELECT sqlite_version(*)[0m
  [1m[35m (0.1ms)[0m  [1m[34mSELECT "schema_migrations"."version" FROM "schema_migrations" ORDER BY "schema_migrations"."version" ASC[0m
Migrating to CreatePages (20200424015934)
  [1m[35m (0.1ms)[0m  [1m[36mbegin transaction[0m
  [1m[35m (0.5ms)[0m  [1m[35mCREATE TABLE "pages" ("id" integer PRIMARY KEY AUTOINCREMENT NOT NULL, "title" varchar, "body" text, "slug" varchar, "created_at" datetime(6) NOT NULL, "updated_at" datetime(6) NOT NULL)[0m
  [1m[36mprimary::SchemaMigration Create (0.2ms)[0m  [1m[32mINSERT INTO "schema_migrations" ("version") VALUES (?)[0m  [["version", "20200424015934"]]
  [1m[35m (1.7ms)[0m  [1m[36mcommit transaction[0m
  [1m[36mActiveRecord::InternalMetadata Load (0.2ms)[0m  [1m[34mSELECT "ar_internal_metadata".* FROM "ar_internal_metadata" WHERE "ar_internal_metadata"."key" = ? LIMIT ?[0m  [["key", "environment"], ["LIMIT", 1]]
  [1m[35m (0.1ms)[0m  [1m[34mSELECT sqlite_version(*)[0m
  [1m[35m (0.1ms)[0m  [1m[34mSELECT "schema_migrations"."version" FROM "schema_migrations" ORDER BY "schema_migrations"."version" ASC[0m
  [1m[35m (0.5ms)[0m  [1m[34mSELECT sqlite_version(*)[0m
  [1m[35m (0.1ms)[0m  [1m[36mbegin transaction[0m
  [1m[36mPage Create (0.4ms)[0m  [1m[32mINSERT INTO "pages" ("title", "body", "slug", "created_at", "updated_at") VALUES (?, ?, ?, ?, ?)[0m  [["title", "About this blog"], ["body", "What up my homies"], ["slug", "resume"], ["created_at", "2020-04-24 02:03:17.009998"], ["updated_at", "2020-04-24 02:03:17.009998"]]
  [1m[35m (0.9ms)[0m  [1m[36mcommit transaction[0m
  [1m[36mPage Load (0.3ms)[0m  [1m[34mSELECT "pages".* FROM "pages" LIMIT ?[0m  [["LIMIT", 11]]
Started GET "/pages" for ::1 at 2020-04-23 22:05:52 -0400
  [1m[35m (0.4ms)[0m  [1m[34mSELECT sqlite_version(*)[0m
  [1m[35m (0.1ms)[0m  [1m[34mSELECT "schema_migrations"."version" FROM "schema_migrations" ORDER BY "schema_migrations"."version" ASC[0m
Processing by PagesController#index as HTML
  Rendering pages/index.html.erb within layouts/application
  [1m[36mPage Load (0.1ms)[0m  [1m[34mSELECT "pages".* FROM "pages" ORDER BY "pages"."id" ASC LIMIT ?[0m  [["LIMIT", 1]]
  ↳ app/views/pages/index.html.erb:3
  Rendered pages/index.html.erb within layouts/application (Duration: 12.8ms | Allocations: 5562)
[Webpacker] Everything's up-to-date. Nothing to do
Completed 200 OK in 591ms (Views: 535.0ms | ActiveRecord: 0.7ms | Allocations: 27836)


Started GET "/pages" for ::1 at 2020-04-23 22:09:45 -0400
Processing by PagesController#index as HTML
  Rendering pages/index.html.erb within layouts/application
  [1m[36mPage Load (0.2ms)[0m  [1m[34mSELECT "pages".* FROM "pages"[0m
  ↳ app/views/pages/index.html.erb:3
  Rendered pages/index.html.erb within layouts/application (Duration: 2.3ms | Allocations: 734)
[Webpacker] Everything's up-to-date. Nothing to do
Completed 200 OK in 13ms (Views: 11.4ms | ActiveRecord: 0.2ms | Allocations: 5652)


Started GET "/pages" for ::1 at 2020-04-23 22:09:46 -0400
Processing by PagesController#index as HTML
  Rendering pages/index.html.erb within layouts/application
  [1m[36mPage Load (0.1ms)[0m  [1m[34mSELECT "pages".* FROM "pages"[0m
  ↳ app/views/pages/index.html.erb:3
  Rendered pages/index.html.erb within layouts/application (Duration: 1.0ms | Allocations: 571)
[Webpacker] Everything's up-to-date. Nothing to do
Completed 200 OK in 25ms (Views: 23.9ms | ActiveRecord: 0.1ms | Allocations: 4550)


Started GET "/pages" for ::1 at 2020-04-23 22:09:55 -0400
Processing by PagesController#index as HTML
  Rendering pages/index.html.erb within layouts/application
  [1m[36mPage Load (0.1ms)[0m  [1m[34mSELECT "pages".* FROM "pages"[0m
  ↳ app/views/pages/index.html.erb:3
  Rendered pages/index.html.erb within layouts/application (Duration: 2.8ms | Allocations: 720)
[Webpacker] Everything's up-to-date. Nothing to do
Completed 200 OK in 13ms (Views: 12.0ms | ActiveRecord: 0.1ms | Allocations: 5637)


Started GET "/" for ::1 at 2020-04-26 11:59:45 -0400
  [1m[35m (2.3ms)[0m  [1m[34mSELECT sqlite_version(*)[0m
  [1m[35m (0.2ms)[0m  [1m[34mSELECT "schema_migrations"."version" FROM "schema_migrations" ORDER BY "schema_migrations"."version" ASC[0m
Processing by Rails::WelcomeController#index as HTML
  Rendering /Users/richardrosenthal/.rvm/gems/ruby-2.6.1/gems/railties-6.0.2.2/lib/rails/templates/rails/welcome/index.html.erb
  Rendered /Users/richardrosenthal/.rvm/gems/ruby-2.6.1/gems/railties-6.0.2.2/lib/rails/templates/rails/welcome/index.html.erb (Duration: 15.8ms | Allocations: 557)
Completed 200 OK in 35ms (Views: 23.1ms | ActiveRecord: 0.0ms | Allocations: 2094)


Started GET "/pages" for ::1 at 2020-04-26 11:59:49 -0400
Processing by PagesController#index as HTML
  Rendering pages/index.html.erb within layouts/application
  [1m[36mPage Load (0.2ms)[0m  [1m[34mSELECT "pages".* FROM "pages"[0m
  ↳ app/views/pages/index.html.erb:3
  Rendered pages/index.html.erb within layouts/application (Duration: 11.4ms | Allocations: 5735)
[Webpacker] Everything's up-to-date. Nothing to do
Completed 200 OK in 100ms (Views: 93.0ms | ActiveRecord: 0.7ms | Allocations: 13762)


  [1m[35m (0.3ms)[0m  [1m[34mSELECT sqlite_version(*)[0m
  [1m[35m (0.1ms)[0m  [1m[36mbegin transaction[0m
  [1m[36mPage Create (0.4ms)[0m  [1m[32mINSERT INTO "pages" ("title", "created_at", "updated_at") VALUES (?, ?, ?)[0m  [["title", "Resume"], ["created_at", "2020-04-26 16:01:42.613715"], ["updated_at", "2020-04-26 16:01:42.613715"]]
  [1m[35m (1.8ms)[0m  [1m[36mcommit transaction[0m
  [1m[35m (0.1ms)[0m  [1m[36mbegin transaction[0m
  [1m[36mPage Create (0.8ms)[0m  [1m[32mINSERT INTO "pages" ("title", "created_at", "updated_at") VALUES (?, ?, ?)[0m  [["title", "About Me"], ["created_at", "2020-04-26 16:02:09.133078"], ["updated_at", "2020-04-26 16:02:09.133078"]]
  [1m[35m (1.5ms)[0m  [1m[36mcommit transaction[0m
Started GET "/pages" for ::1 at 2020-04-26 12:07:38 -0400
  [1m[35m (0.4ms)[0m  [1m[34mSELECT sqlite_version(*)[0m
  [1m[35m (0.1ms)[0m  [1m[34mSELECT "schema_migrations"."version" FROM "schema_migrations" ORDER BY "schema_migrations"."version" ASC[0m
Processing by PagesController#index as HTML
  Rendering pages/index.html.erb within layouts/application
  [1m[36mPage Load (0.3ms)[0m  [1m[34mSELECT "pages".* FROM "pages"[0m
  ↳ app/views/pages/index.html.erb:3
  Rendered pages/index.html.erb within layouts/application (Duration: 28.3ms | Allocations: 4949)
[Webpacker] Everything's up-to-date. Nothing to do
Completed 200 OK in 57ms (Views: 50.3ms | ActiveRecord: 0.9ms | Allocations: 13895)


Started GET "/posts" for ::1 at 2020-04-26 12:11:11 -0400
Processing by PostsController#index as HTML
  Rendering posts/index.html.erb within layouts/application
  [1m[36mPost Load (0.2ms)[0m  [1m[34mSELECT "posts".* FROM "posts"[0m
  ↳ app/views/posts/index.html.erb:19
  Rendered posts/index.html.erb within layouts/application (Duration: 50.3ms | Allocations: 4248)
[Webpacker] Everything's up-to-date. Nothing to do
Completed 200 OK in 114ms (Views: 70.2ms | ActiveRecord: 0.7ms | Allocations: 9037)


Started DELETE "/posts/2" for ::1 at 2020-04-26 12:11:21 -0400
Processing by PostsController#destroy as HTML
  Parameters: {"authenticity_token"=>"OO7c6Oo4It+L1YNybdcCfGhd449LDjzcbftF+KRPcrG9pJYYlzSAlUXG7XO97RQi/H5u2b5yZtpqp02+9LaQRg==", "id"=>"2"}
  [1m[36mPost Load (0.2ms)[0m  [1m[34mSELECT "posts".* FROM "posts" WHERE "posts"."id" = ? LIMIT ?[0m  [["id", 2], ["LIMIT", 1]]
  ↳ app/controllers/posts_controller.rb:67:in `set_post'
  [1m[35m (0.0ms)[0m  [1m[36mbegin transaction[0m
  ↳ app/controllers/posts_controller.rb:57:in `destroy'
  [1m[36mPost Destroy (0.3ms)[0m  [1m[31mDELETE FROM "posts" WHERE "posts"."id" = ?[0m  [["id", 2]]
  ↳ app/controllers/posts_controller.rb:57:in `destroy'
  [1m[35m (1.0ms)[0m  [1m[36mcommit transaction[0m
  ↳ app/controllers/posts_controller.rb:57:in `destroy'
Redirected to http://localhost:3000/posts
Completed 302 Found in 12ms (ActiveRecord: 1.5ms | Allocations: 3029)


Started GET "/posts" for ::1 at 2020-04-26 12:11:21 -0400
Processing by PostsController#index as HTML
  Rendering posts/index.html.erb within layouts/application
  [1m[36mPost Load (0.1ms)[0m  [1m[34mSELECT "posts".* FROM "posts"[0m
  ↳ app/views/posts/index.html.erb:19
  Rendered posts/index.html.erb within layouts/application (Duration: 2.4ms | Allocations: 728)
[Webpacker] Everything's up-to-date. Nothing to do
Completed 200 OK in 12ms (Views: 11.7ms | ActiveRecord: 0.1ms | Allocations: 4701)


Started GET "/posts/new" for ::1 at 2020-04-26 12:11:28 -0400
Processing by PostsController#new as HTML
  Rendering posts/new.html.erb within layouts/application
  Rendered posts/_form.html.erb (Duration: 104.0ms | Allocations: 2652)
  Rendered posts/new.html.erb within layouts/application (Duration: 106.3ms | Allocations: 3005)
[Webpacker] Everything's up-to-date. Nothing to do
Completed 200 OK in 119ms (Views: 118.3ms | ActiveRecord: 0.0ms | Allocations: 7119)


Started POST "/posts" for ::1 at 2020-04-26 12:11:36 -0400
Processing by PostsController#create as HTML
  Parameters: {"authenticity_token"=>"lg25R3rHMqWWxC6HzJYb5iygDG7apeDpeChrk6s9KG0nlx7/u5izzOLyijUPF5oNjoPOh34BiPD+TAC9q7/CVw==", "post"=>{"title"=>"Kittens", "body"=>"On the BLVD"}, "commit"=>"Create Post"}
  [1m[35m (0.0ms)[0m  [1m[36mbegin transaction[0m
  ↳ app/controllers/posts_controller.rb:30:in `block in create'
  [1m[36mPost Create (0.3ms)[0m  [1m[32mINSERT INTO "posts" ("title", "created_at", "updated_at", "body") VALUES (?, ?, ?, ?)[0m  [["title", "Kittens"], ["created_at", "2020-04-26 16:11:36.507022"], ["updated_at", "2020-04-26 16:11:36.507022"], ["body", "On the BLVD"]]
  ↳ app/controllers/posts_controller.rb:30:in `block in create'
  [1m[35m (0.8ms)[0m  [1m[36mcommit transaction[0m
  ↳ app/controllers/posts_controller.rb:30:in `block in create'
Redirected to http://localhost:3000/posts/3
Completed 302 Found in 7ms (ActiveRecord: 1.2ms | Allocations: 2652)


Started GET "/posts/3" for ::1 at 2020-04-26 12:11:36 -0400
Processing by PostsController#show as HTML
  Parameters: {"id"=>"3"}
  [1m[36mPost Load (0.1ms)[0m  [1m[34mSELECT "posts".* FROM "posts" WHERE "posts"."id" = ? LIMIT ?[0m  [["id", 3], ["LIMIT", 1]]
  ↳ app/controllers/posts_controller.rb:67:in `set_post'
  Rendering posts/show.html.erb within layouts/application
  Rendered posts/show.html.erb within layouts/application (Duration: 1.2ms | Allocations: 266)
[Webpacker] Everything's up-to-date. Nothing to do
Completed 200 OK in 14ms (Views: 11.2ms | ActiveRecord: 0.1ms | Allocations: 4878)


Started GET "/posts" for ::1 at 2020-04-26 12:11:40 -0400
Processing by PostsController#index as HTML
  Rendering posts/index.html.erb within layouts/application
  [1m[36mPost Load (0.1ms)[0m  [1m[34mSELECT "posts".* FROM "posts"[0m
  ↳ app/views/posts/index.html.erb:19
  Rendered posts/index.html.erb within layouts/application (Duration: 1.2ms | Allocations: 855)
[Webpacker] Everything's up-to-date. Nothing to do
Completed 200 OK in 8ms (Views: 7.0ms | ActiveRecord: 0.1ms | Allocations: 4803)


  [1m[35m (1.0ms)[0m  [1m[34mSELECT sqlite_version(*)[0m
  [1m[35m (0.2ms)[0m  [1m[34mSELECT "schema_migrations"."version" FROM "schema_migrations" ORDER BY "schema_migrations"."version" ASC[0m
Migrating to CreateComments (20200427151650)
  [1m[35m (0.1ms)[0m  [1m[36mbegin transaction[0m
  [1m[35m (0.5ms)[0m  [1m[35mCREATE TABLE "comments" ("id" integer PRIMARY KEY AUTOINCREMENT NOT NULL, "content" text, "name" varchar, "created_at" datetime(6) NOT NULL, "updated_at" datetime(6) NOT NULL)[0m
  [1m[36mprimary::SchemaMigration Create (0.1ms)[0m  [1m[32mINSERT INTO "schema_migrations" ("version") VALUES (?)[0m  [["version", "20200427151650"]]
  [1m[35m (1.5ms)[0m  [1m[36mcommit transaction[0m
  [1m[36mActiveRecord::InternalMetadata Load (0.4ms)[0m  [1m[34mSELECT "ar_internal_metadata".* FROM "ar_internal_metadata" WHERE "ar_internal_metadata"."key" = ? LIMIT ?[0m  [["key", "environment"], ["LIMIT", 1]]
  [1m[35m (0.1ms)[0m  [1m[34mSELECT sqlite_version(*)[0m
  [1m[35m (0.2ms)[0m  [1m[34mSELECT "schema_migrations"."version" FROM "schema_migrations" ORDER BY "schema_migrations"."version" ASC[0m
  [1m[35m (0.5ms)[0m  [1m[34mSELECT sqlite_version(*)[0m
  [1m[36mPost Load (0.1ms)[0m  [1m[34mSELECT "posts".* FROM "posts" ORDER BY "posts"."id" DESC LIMIT ?[0m  [["LIMIT", 1]]
  [1m[36mComment Load (0.6ms)[0m  [1m[34mSELECT "comments".* FROM "comments" WHERE "comments"."post_id" = ? LIMIT ?[0m  [["post_id", 3], ["LIMIT", 11]]
  [1m[35m (0.3ms)[0m  [1m[34mSELECT sqlite_version(*)[0m
  [1m[35m (0.1ms)[0m  [1m[34mSELECT "schema_migrations"."version" FROM "schema_migrations" ORDER BY "schema_migrations"."version" ASC[0m
Migrating to AddPostToComments (20200427152214)
  [1m[35m (0.0ms)[0m  [1m[36mbegin transaction[0m
  [1m[35m (0.6ms)[0m  [1m[35mALTER TABLE "comments" ADD "post_id" integer[0m
  [1m[35m (0.3ms)[0m  [1m[35mCREATE  INDEX "index_comments_on_post_id" ON "comments" ("post_id")[0m
  [1m[36mprimary::SchemaMigration Create (0.2ms)[0m  [1m[32mINSERT INTO "schema_migrations" ("version") VALUES (?)[0m  [["version", "20200427152214"]]
  [1m[35m (1.1ms)[0m  [1m[36mcommit transaction[0m
  [1m[36mActiveRecord::InternalMetadata Load (0.1ms)[0m  [1m[34mSELECT "ar_internal_metadata".* FROM "ar_internal_metadata" WHERE "ar_internal_metadata"."key" = ? LIMIT ?[0m  [["key", "environment"], ["LIMIT", 1]]
  [1m[35m (0.1ms)[0m  [1m[34mSELECT sqlite_version(*)[0m
  [1m[35m (0.2ms)[0m  [1m[34mSELECT "schema_migrations"."version" FROM "schema_migrations" ORDER BY "schema_migrations"."version" ASC[0m
  [1m[35m (0.4ms)[0m  [1m[34mSELECT sqlite_version(*)[0m
  [1m[36mPost Load (0.1ms)[0m  [1m[34mSELECT "posts".* FROM "posts" ORDER BY "posts"."id" ASC LIMIT ?[0m  [["LIMIT", 1]]
  [1m[35m (0.1ms)[0m  [1m[36mbegin transaction[0m
  [1m[36mComment Create (0.5ms)[0m  [1m[32mINSERT INTO "comments" ("content", "name", "created_at", "updated_at", "post_id") VALUES (?, ?, ?, ?, ?)[0m  [["content", "Comment on first post"], ["name", "Jay"], ["created_at", "2020-04-27 15:24:25.220824"], ["updated_at", "2020-04-27 15:24:25.220824"], ["post_id", 1]]
  [1m[35m (2.3ms)[0m  [1m[36mcommit transaction[0m
  [1m[36mComment Load (0.2ms)[0m  [1m[34mSELECT "comments".* FROM "comments" WHERE "comments"."post_id" = ? LIMIT ?[0m  [["post_id", 1], ["LIMIT", 11]]
  [1m[36mPost Load (0.2ms)[0m  [1m[34mSELECT "posts".* FROM "posts" ORDER BY "posts"."id" DESC LIMIT ?[0m  [["LIMIT", 1]]
  [1m[35m (0.1ms)[0m  [1m[36mbegin transaction[0m
  [1m[36mComment Create (0.4ms)[0m  [1m[32mINSERT INTO "comments" ("content", "name", "created_at", "updated_at", "post_id") VALUES (?, ?, ?, ?, ?)[0m  [["content", "Comment on last post"], ["name", "Ricky"], ["created_at", "2020-04-27 15:25:34.642461"], ["updated_at", "2020-04-27 15:25:34.642461"], ["post_id", 3]]
  [1m[35m (1.4ms)[0m  [1m[36mcommit transaction[0m
Started GET "/" for ::1 at 2020-04-27 12:09:37 -0400
  [1m[35m (0.4ms)[0m  [1m[34mSELECT sqlite_version(*)[0m
  [1m[35m (0.1ms)[0m  [1m[34mSELECT "schema_migrations"."version" FROM "schema_migrations" ORDER BY "schema_migrations"."version" ASC[0m
Processing by Rails::WelcomeController#index as HTML
  Rendering /Users/richardrosenthal/.rvm/gems/ruby-2.6.1/gems/railties-6.0.2.2/lib/rails/templates/rails/welcome/index.html.erb
  Rendered /Users/richardrosenthal/.rvm/gems/ruby-2.6.1/gems/railties-6.0.2.2/lib/rails/templates/rails/welcome/index.html.erb (Duration: 11.7ms | Allocations: 1236)
Completed 200 OK in 64ms (Views: 15.8ms | ActiveRecord: 0.0ms | Allocations: 2908)


Started GET "/posts" for ::1 at 2020-04-27 12:09:45 -0400
Processing by PostsController#index as HTML
  Rendering posts/index.html.erb within layouts/application
  [1m[36mPost Load (0.3ms)[0m  [1m[34mSELECT "posts".* FROM "posts"[0m
  ↳ app/views/posts/index.html.erb:19
  Rendered posts/index.html.erb within layouts/application (Duration: 66.0ms | Allocations: 4954)
[Webpacker] Everything's up-to-date. Nothing to do
Completed 200 OK in 426ms (Views: 420.8ms | ActiveRecord: 1.0ms | Allocations: 14543)


Started GET "/posts/1" for ::1 at 2020-04-27 12:09:48 -0400
Processing by PostsController#show as HTML
  Parameters: {"id"=>"1"}
  [1m[36mPost Load (0.2ms)[0m  [1m[34mSELECT "posts".* FROM "posts" WHERE "posts"."id" = ? LIMIT ?[0m  [["id", 1], ["LIMIT", 1]]
  ↳ app/controllers/posts_controller.rb:68:in `set_post'
  Rendering posts/show.html.erb within layouts/application
  [1m[36mComment Load (0.1ms)[0m  [1m[34mSELECT "comments".* FROM "comments" WHERE "comments"."post_id" = ?[0m  [["post_id", 1]]
  ↳ app/views/posts/show.html.erb:14
  Rendered posts/show.html.erb within layouts/application (Duration: 162.7ms | Allocations: 9403)
[Webpacker] Everything's up-to-date. Nothing to do
Completed 200 OK in 181ms (Views: 173.9ms | ActiveRecord: 0.8ms | Allocations: 14355)


Started GET "/posts" for ::1 at 2020-04-27 12:09:58 -0400
Processing by PostsController#index as HTML
  Rendering posts/index.html.erb within layouts/application
  [1m[36mPost Load (0.1ms)[0m  [1m[34mSELECT "posts".* FROM "posts"[0m
  ↳ app/views/posts/index.html.erb:19
  Rendered posts/index.html.erb within layouts/application (Duration: 1.2ms | Allocations: 865)
[Webpacker] Everything's up-to-date. Nothing to do
Completed 200 OK in 8ms (Views: 7.2ms | ActiveRecord: 0.1ms | Allocations: 4825)


Started GET "/posts/3" for ::1 at 2020-04-27 12:09:59 -0400
Processing by PostsController#show as HTML
  Parameters: {"id"=>"3"}
  [1m[36mPost Load (0.1ms)[0m  [1m[34mSELECT "posts".* FROM "posts" WHERE "posts"."id" = ? LIMIT ?[0m  [["id", 3], ["LIMIT", 1]]
  ↳ app/controllers/posts_controller.rb:68:in `set_post'
  Rendering posts/show.html.erb within layouts/application
  [1m[36mComment Load (0.1ms)[0m  [1m[34mSELECT "comments".* FROM "comments" WHERE "comments"."post_id" = ?[0m  [["post_id", 3]]
  ↳ app/views/posts/show.html.erb:14
  Rendered posts/show.html.erb within layouts/application (Duration: 1.2ms | Allocations: 760)
[Webpacker] Everything's up-to-date. Nothing to do
Completed 200 OK in 8ms (Views: 7.0ms | ActiveRecord: 0.2ms | Allocations: 5229)


Started GET "/posts" for ::1 at 2020-04-27 12:10:02 -0400
Processing by PostsController#index as HTML
  Rendering posts/index.html.erb within layouts/application
  [1m[36mPost Load (0.2ms)[0m  [1m[34mSELECT "posts".* FROM "posts"[0m
  ↳ app/views/posts/index.html.erb:19
  Rendered posts/index.html.erb within layouts/application (Duration: 1.7ms | Allocations: 852)
[Webpacker] Everything's up-to-date. Nothing to do
Completed 200 OK in 9ms (Views: 7.8ms | ActiveRecord: 0.2ms | Allocations: 4803)


Started GET "/posts/1" for ::1 at 2020-04-27 12:37:51 -0400
  [1m[35m (1.4ms)[0m  [1m[34mSELECT sqlite_version(*)[0m
  [1m[35m (0.5ms)[0m  [1m[34mSELECT "schema_migrations"."version" FROM "schema_migrations" ORDER BY "schema_migrations"."version" ASC[0m
Processing by PostsController#show as HTML
  Parameters: {"id"=>"1"}
  [1m[36mPost Load (0.4ms)[0m  [1m[34mSELECT "posts".* FROM "posts" WHERE "posts"."id" = ? LIMIT ?[0m  [["id", 1], ["LIMIT", 1]]
  ↳ app/controllers/posts_controller.rb:68:in `set_post'
  Rendering posts/show.html.erb within layouts/application
  Rendered posts/show.html.erb within layouts/application (Duration: 52.8ms | Allocations: 4891)
Completed 500 Internal Server Error in 74ms (ActiveRecord: 0.9ms | Allocations: 12755)


Started GET "/posts" for ::1 at 2020-04-27 12:37:58 -0400
Processing by PostsController#index as HTML
  Rendering posts/index.html.erb within layouts/application
  [1m[36mPost Load (0.7ms)[0m  [1m[34mSELECT "posts".* FROM "posts"[0m
  ↳ app/views/posts/index.html.erb:19
  Rendered posts/index.html.erb within layouts/application (Duration: 4.9ms | Allocations: 1255)
[Webpacker] Everything's up-to-date. Nothing to do
Completed 200 OK in 412ms (Views: 409.8ms | ActiveRecord: 0.7ms | Allocations: 24382)


Started GET "/posts/3" for ::1 at 2020-04-27 12:38:00 -0400
Processing by PostsController#show as HTML
  Parameters: {"id"=>"3"}
  [1m[36mPost Load (0.1ms)[0m  [1m[34mSELECT "posts".* FROM "posts" WHERE "posts"."id" = ? LIMIT ?[0m  [["id", 3], ["LIMIT", 1]]
  ↳ app/controllers/posts_controller.rb:68:in `set_post'
  Rendering posts/show.html.erb within layouts/application
  Rendered posts/show.html.erb within layouts/application (Duration: 1.1ms | Allocations: 1110)
Completed 500 Internal Server Error in 4ms (ActiveRecord: 0.1ms | Allocations: 2053)


  
ActionView::SyntaxErrorInTemplate (Encountered a syntax error while rendering template: check <p id="notice"><%= notice %></p>

<p>
  <strong>Title:</strong>
  <%= @post.title %>
</p>

<p>
  <strong>Body:</strong>
  <%= @post.body %>
</p>
<div id="comments">
  <h1>Comments</h1>
  <% render @post.comments %>
  <h2>Add a Comment</h2>
  <%= render partial: "comments/form", locals {comment: @post.comments.new} %> 
</div>

<%= link_to 'Edit', edit_post_path(@post) %> |
<%= link_to 'Back', posts_path %>

):
1:    <p id="notice"><%= notice %></p>
2:    
3:    <p>
4:      <strong>Title:</strong>
5:      <%= @post.title %>
6:    </p>
7:    
8:    <p>
9:      <strong>Body:</strong>
10:      <%= @post.body %>
11:    </p>
12:    <div id="comments">
13:      <h1>Comments</h1>
14:      <% render @post.comments %>
15:      <h2>Add a Comment</h2>
16:      <%= render partial: "comments/form", locals {comment: @post.comments.new} %> 
17:    </div>
18:    
19:    <%= link_to 'Edit', edit_post_path(@post) %> |
20:    <%= link_to 'Back', posts_path %>
  
app/views/posts/show.html.erb:16: syntax error, unexpected ':', expecting '}'
app/views/posts/show.html.erb:16: syntax error, unexpected '}', expecting ')'
app/views/posts/show.html.erb:23: syntax error, unexpected end, expecting ')'
app/views/posts/show.html.erb:16: syntax error, unexpected ':', expecting '}'
app/views/posts/show.html.erb:16: syntax error, unexpected '}', expecting ')'
app/views/posts/show.html.erb:23: syntax error, unexpected end, expecting ')'
app/views/posts/show.html.erb:16: syntax error, unexpected ':', expecting '}'
app/views/posts/show.html.erb:16: syntax error, unexpected '}', expecting ')'
app/views/posts/show.html.erb:23: syntax error, unexpected end, expecting ')'
app/views/posts/show.html.erb:16: syntax error, unexpected ':', expecting '}'
app/views/posts/show.html.erb:16: syntax error, unexpected '}', expecting ')'
app/views/posts/show.html.erb:23: syntax error, unexpected end, expecting ')'
app/views/posts/show.html.erb:16: syntax error, unexpected ':', expecting '}'
app/views/posts/show.html.erb:16: syntax error, unexpected '}', expecting ')'
app/views/posts/show.html.erb:23: syntax error, unexpected end, expecting ')'
app/views/posts/show.html.erb:16: syntax error, unexpected ':', expecting '}'
app/views/posts/show.html.erb:16: syntax error, unexpected '}', expecting ')'
app/views/posts/show.html.erb:23: syntax error, unexpected end, expecting ')'
Started GET "/posts" for ::1 at 2020-04-27 12:39:39 -0400
  [1m[35m (1.0ms)[0m  [1m[34mSELECT sqlite_version(*)[0m
  [1m[35m (0.4ms)[0m  [1m[34mSELECT "schema_migrations"."version" FROM "schema_migrations" ORDER BY "schema_migrations"."version" ASC[0m
Processing by PostsController#index as HTML
  Rendering posts/index.html.erb within layouts/application
  [1m[36mPost Load (0.4ms)[0m  [1m[34mSELECT "posts".* FROM "posts"[0m
  ↳ app/views/posts/index.html.erb:19
  Rendered posts/index.html.erb within layouts/application (Duration: 7.8ms | Allocations: 5135)
[Webpacker] Everything's up-to-date. Nothing to do
Completed 200 OK in 56ms (Views: 44.9ms | ActiveRecord: 0.9ms | Allocations: 16004)


Started GET "/posts/3" for ::1 at 2020-04-27 12:39:41 -0400
Processing by PostsController#show as HTML
  Parameters: {"id"=>"3"}
  [1m[36mPost Load (0.2ms)[0m  [1m[34mSELECT "posts".* FROM "posts" WHERE "posts"."id" = ? LIMIT ?[0m  [["id", 3], ["LIMIT", 1]]
  ↳ app/controllers/posts_controller.rb:68:in `set_post'
  Rendering posts/show.html.erb within layouts/application
  [1m[36mComment Load (0.6ms)[0m  [1m[34mSELECT "comments".* FROM "comments" WHERE "comments"."post_id" = ?[0m  [["post_id", 3]]
  ↳ app/views/posts/show.html.erb:14
  Rendered collection of comments/_comment.html.erb [1 times] (Duration: 0.9ms | Allocations: 144)
  Rendered comments/_form.html.erb (Duration: 93.8ms | Allocations: 2934)
  Rendered posts/show.html.erb within layouts/application (Duration: 198.8ms | Allocations: 12154)
[Webpacker] Everything's up-to-date. Nothing to do
Completed 200 OK in 209ms (Views: 204.0ms | ActiveRecord: 1.3ms | Allocations: 17179)


Started POST "/posts/3/comments" for ::1 at 2020-04-27 12:39:57 -0400
Processing by CommentsController#create as HTML
  Parameters: {"authenticity_token"=>"u0Fo5ceBQIr6ANhstgGb15ZUA1ibH5FNUOJJaWlfwh6qRhjrXiGlJ0RVFngQb2dgBHpbkvB+c+LjNgL0JENRRg==", "comment"=>{"name"=>"Ricky", "content"=>"Just leaving a comment"}, "commit"=>"Create Comment", "post_id"=>"3"}
  [1m[36mPost Load (0.1ms)[0m  [1m[34mSELECT "posts".* FROM "posts" WHERE "posts"."id" = ? LIMIT ?[0m  [["id", 3], ["LIMIT", 1]]
  ↳ app/controllers/comments_controller.rb:3:in `create'
  [1m[35m (0.0ms)[0m  [1m[36mbegin transaction[0m
  ↳ app/controllers/comments_controller.rb:4:in `create'
  [1m[36mComment Create (0.8ms)[0m  [1m[32mINSERT INTO "comments" ("content", "name", "created_at", "updated_at", "post_id") VALUES (?, ?, ?, ?, ?)[0m  [["content", "Just leaving a comment"], ["name", "Ricky"], ["created_at", "2020-04-27 16:39:57.233326"], ["updated_at", "2020-04-27 16:39:57.233326"], ["post_id", 3]]
  ↳ app/controllers/comments_controller.rb:4:in `create'
  [1m[35m (1.6ms)[0m  [1m[36mcommit transaction[0m
  ↳ app/controllers/comments_controller.rb:4:in `create'
Redirected to http://localhost:3000/posts/3
Completed 302 Found in 8ms (ActiveRecord: 2.5ms | Allocations: 3683)


Started GET "/posts/3" for ::1 at 2020-04-27 12:39:57 -0400
Processing by PostsController#show as HTML
  Parameters: {"id"=>"3"}
  [1m[36mPost Load (0.2ms)[0m  [1m[34mSELECT "posts".* FROM "posts" WHERE "posts"."id" = ? LIMIT ?[0m  [["id", 3], ["LIMIT", 1]]
  ↳ app/controllers/posts_controller.rb:68:in `set_post'
  Rendering posts/show.html.erb within layouts/application
  [1m[36mComment Load (0.1ms)[0m  [1m[34mSELECT "comments".* FROM "comments" WHERE "comments"."post_id" = ?[0m  [["post_id", 3]]
  ↳ app/views/posts/show.html.erb:14
  Rendered collection of comments/_comment.html.erb [2 times] (Duration: 0.1ms | Allocations: 26)
  Rendered comments/_form.html.erb (Duration: 1.0ms | Allocations: 599)
  Rendered posts/show.html.erb within layouts/application (Duration: 2.7ms | Allocations: 1690)
[Webpacker] Everything's up-to-date. Nothing to do
Completed 200 OK in 11ms (Views: 9.9ms | ActiveRecord: 0.3ms | Allocations: 6222)


Started POST "/posts/3/comments" for ::1 at 2020-04-27 12:40:10 -0400
Processing by CommentsController#create as HTML
  Parameters: {"authenticity_token"=>"kQgSEgAwtJwNMwLgA7OhEWE+17LAWoUgdj7HcesWiXsUQljifTwW1sMgbOHTibdP9R1a5DUm3yZxYs83u+9rjA==", "comment"=>{"name"=>"Ricky 2", "content"=>"leaving another comment"}, "commit"=>"Create Comment", "post_id"=>"3"}
  [1m[36mPost Load (0.1ms)[0m  [1m[34mSELECT "posts".* FROM "posts" WHERE "posts"."id" = ? LIMIT ?[0m  [["id", 3], ["LIMIT", 1]]
  ↳ app/controllers/comments_controller.rb:3:in `create'
  [1m[35m (0.0ms)[0m  [1m[36mbegin transaction[0m
  ↳ app/controllers/comments_controller.rb:4:in `create'
  [1m[36mComment Create (0.3ms)[0m  [1m[32mINSERT INTO "comments" ("content", "name", "created_at", "updated_at", "post_id") VALUES (?, ?, ?, ?, ?)[0m  [["content", "leaving another comment"], ["name", "Ricky 2"], ["created_at", "2020-04-27 16:40:10.014341"], ["updated_at", "2020-04-27 16:40:10.014341"], ["post_id", 3]]
  ↳ app/controllers/comments_controller.rb:4:in `create'
  [1m[35m (0.9ms)[0m  [1m[36mcommit transaction[0m
  ↳ app/controllers/comments_controller.rb:4:in `create'
Redirected to http://localhost:3000/posts/3
Completed 302 Found in 6ms (ActiveRecord: 1.3ms | Allocations: 3349)


Started GET "/posts/3" for ::1 at 2020-04-27 12:40:10 -0400
Processing by PostsController#show as HTML
  Parameters: {"id"=>"3"}
  [1m[36mPost Load (0.1ms)[0m  [1m[34mSELECT "posts".* FROM "posts" WHERE "posts"."id" = ? LIMIT ?[0m  [["id", 3], ["LIMIT", 1]]
  ↳ app/controllers/posts_controller.rb:68:in `set_post'
  Rendering posts/show.html.erb within layouts/application
  [1m[36mComment Load (0.1ms)[0m  [1m[34mSELECT "comments".* FROM "comments" WHERE "comments"."post_id" = ?[0m  [["post_id", 3]]
  ↳ app/views/posts/show.html.erb:14
  Rendered collection of comments/_comment.html.erb [3 times] (Duration: 0.1ms | Allocations: 37)
  Rendered comments/_form.html.erb (Duration: 1.2ms | Allocations: 599)
  Rendered posts/show.html.erb within layouts/application (Duration: 3.5ms | Allocations: 1717)
[Webpacker] Everything's up-to-date. Nothing to do
Completed 200 OK in 10ms (Views: 8.9ms | ActiveRecord: 0.2ms | Allocations: 6252)


Started GET "/posts" for ::1 at 2020-04-27 12:40:10 -0400
Processing by PostsController#index as HTML
  Rendering posts/index.html.erb within layouts/application
  [1m[36mPost Load (0.1ms)[0m  [1m[34mSELECT "posts".* FROM "posts"[0m
  ↳ app/views/posts/index.html.erb:19
  Rendered posts/index.html.erb within layouts/application (Duration: 1.4ms | Allocations: 865)
[Webpacker] Everything's up-to-date. Nothing to do
Completed 200 OK in 8ms (Views: 7.2ms | ActiveRecord: 0.1ms | Allocations: 4899)


Started GET "/posts/3" for ::1 at 2020-04-27 12:40:13 -0400
Processing by PostsController#show as HTML
  Parameters: {"id"=>"3"}
  [1m[36mPost Load (0.1ms)[0m  [1m[34mSELECT "posts".* FROM "posts" WHERE "posts"."id" = ? LIMIT ?[0m  [["id", 3], ["LIMIT", 1]]
  ↳ app/controllers/posts_controller.rb:68:in `set_post'
  Rendering posts/show.html.erb within layouts/application
  [1m[36mComment Load (0.1ms)[0m  [1m[34mSELECT "comments".* FROM "comments" WHERE "comments"."post_id" = ?[0m  [["post_id", 3]]
  ↳ app/views/posts/show.html.erb:14
  Rendered collection of comments/_comment.html.erb [3 times] (Duration: 0.1ms | Allocations: 37)
  Rendered comments/_form.html.erb (Duration: 1.2ms | Allocations: 599)
  Rendered posts/show.html.erb within layouts/application (Duration: 3.3ms | Allocations: 1716)
[Webpacker] Everything's up-to-date. Nothing to do
Completed 200 OK in 11ms (Views: 9.4ms | ActiveRecord: 0.2ms | Allocations: 6246)


Started GET "/posts/1" for ::1 at 2020-04-27 12:40:24 -0400
Processing by PostsController#show as HTML
  Parameters: {"id"=>"1"}
  [1m[36mPost Load (0.1ms)[0m  [1m[34mSELECT "posts".* FROM "posts" WHERE "posts"."id" = ? LIMIT ?[0m  [["id", 1], ["LIMIT", 1]]
  ↳ app/controllers/posts_controller.rb:68:in `set_post'
  Rendering posts/show.html.erb within layouts/application
  [1m[36mComment Load (0.1ms)[0m  [1m[34mSELECT "comments".* FROM "comments" WHERE "comments"."post_id" = ?[0m  [["post_id", 1]]
  ↳ app/views/posts/show.html.erb:14
  Rendered collection of comments/_comment.html.erb [1 times] (Duration: 0.0ms | Allocations: 15)
  Rendered comments/_form.html.erb (Duration: 1.1ms | Allocations: 599)
  Rendered posts/show.html.erb within layouts/application (Duration: 2.9ms | Allocations: 1657)
[Webpacker] Everything's up-to-date. Nothing to do
Completed 200 OK in 10ms (Views: 8.9ms | ActiveRecord: 0.2ms | Allocations: 6182)


Started GET "/posts" for ::1 at 2020-04-27 12:40:28 -0400
Processing by PostsController#index as HTML
  Rendering posts/index.html.erb within layouts/application
  [1m[36mPost Load (0.1ms)[0m  [1m[34mSELECT "posts".* FROM "posts"[0m
  ↳ app/views/posts/index.html.erb:19
  Rendered posts/index.html.erb within layouts/application (Duration: 1.2ms | Allocations: 852)
[Webpacker] Everything's up-to-date. Nothing to do
Completed 200 OK in 7ms (Views: 6.7ms | ActiveRecord: 0.1ms | Allocations: 4882)


Started GET "/posts/3" for ::1 at 2020-04-27 12:40:30 -0400
Processing by PostsController#show as HTML
  Parameters: {"id"=>"3"}
  [1m[36mPost Load (0.1ms)[0m  [1m[34mSELECT "posts".* FROM "posts" WHERE "posts"."id" = ? LIMIT ?[0m  [["id", 3], ["LIMIT", 1]]
  ↳ app/controllers/posts_controller.rb:68:in `set_post'
  Rendering posts/show.html.erb within layouts/application
  [1m[36mComment Load (0.1ms)[0m  [1m[34mSELECT "comments".* FROM "comments" WHERE "comments"."post_id" = ?[0m  [["post_id", 3]]
  ↳ app/views/posts/show.html.erb:14
  Rendered collection of comments/_comment.html.erb [3 times] (Duration: 0.1ms | Allocations: 37)
  Rendered comments/_form.html.erb (Duration: 1.3ms | Allocations: 599)
  Rendered posts/show.html.erb within layouts/application (Duration: 3.0ms | Allocations: 1716)
[Webpacker] Everything's up-to-date. Nothing to do
Completed 200 OK in 10ms (Views: 8.8ms | ActiveRecord: 0.2ms | Allocations: 6240)


Started GET "/posts" for ::1 at 2020-04-27 12:41:47 -0400
Started GET "/posts/3" for ::1 at 2020-04-27 12:41:47 -0400
  [1m[35m (0.1ms)[0m  [1m[34mSELECT sqlite_version(*)[0m
Processing by PostsController#index as HTML
  Rendering posts/index.html.erb within layouts/application
Processing by PostsController#show as HTML
  [1m[36mPost Load (0.1ms)[0m  [1m[34mSELECT "posts".* FROM "posts"[0m
  Parameters: {"id"=>"3"}
  ↳ app/views/posts/index.html.erb:19
  [1m[36mPost Load (0.1ms)[0m  [1m[34mSELECT "posts".* FROM "posts" WHERE "posts"."id" = ? LIMIT ?[0m  [["id", 3], ["LIMIT", 1]]
  Rendered posts/index.html.erb within layouts/application (Duration: 2.5ms | Allocations: 3004)
  ↳ app/controllers/posts_controller.rb:68:in `set_post'
  Rendering posts/show.html.erb within layouts/application
  [1m[36mComment Load (0.1ms)[0m  [1m[34mSELECT "comments".* FROM "comments" WHERE "comments"."post_id" = ?[0m  [["post_id", 3]]
  ↳ app/views/posts/show.html.erb:14
  Rendered collection of comments/_comment.html.erb [3 times] (Duration: 0.1ms | Allocations: 37)
  Rendered comments/_form.html.erb (Duration: 1.1ms | Allocations: 599)
  Rendered posts/show.html.erb within layouts/application (Duration: 4.3ms | Allocations: 3728)
[Webpacker] Everything's up-to-date. Nothing to do
[Webpacker] Everything's up-to-date. Nothing to do
Completed 200 OK in 28ms (Views: 25.4ms | ActiveRecord: 0.2ms | Allocations: 14363)


Completed 200 OK in 31ms (Views: 30.4ms | ActiveRecord: 0.1ms | Allocations: 18067)


Started GET "/posts/1" for ::1 at 2020-04-27 12:42:18 -0400
  [1m[35m (1.0ms)[0m  [1m[34mSELECT sqlite_version(*)[0m
  [1m[35m (0.1ms)[0m  [1m[34mSELECT "schema_migrations"."version" FROM "schema_migrations" ORDER BY "schema_migrations"."version" ASC[0m
Processing by PostsController#show as HTML
  Parameters: {"id"=>"1"}
  [1m[36mPost Load (0.2ms)[0m  [1m[34mSELECT "posts".* FROM "posts" WHERE "posts"."id" = ? LIMIT ?[0m  [["id", 1], ["LIMIT", 1]]
  ↳ app/controllers/posts_controller.rb:68:in `set_post'
  Rendering posts/show.html.erb within layouts/application
  [1m[36mComment Load (0.1ms)[0m  [1m[34mSELECT "comments".* FROM "comments" WHERE "comments"."post_id" = ?[0m  [["post_id", 1]]
  ↳ app/views/posts/show.html.erb:14
  Rendered collection of comments/_comment.html.erb [1 times] (Duration: 0.4ms | Allocations: 216)
  Rendered comments/_form.html.erb (Duration: 96.1ms | Allocations: 3249)
  Rendered posts/show.html.erb within layouts/application (Duration: 116.0ms | Allocations: 13118)
[Webpacker] Everything's up-to-date. Nothing to do
Completed 200 OK in 161ms (Views: 142.0ms | ActiveRecord: 1.2ms | Allocations: 27760)


Started POST "/posts/1/comments" for ::1 at 2020-04-27 12:42:24 -0400
Processing by CommentsController#create as HTML
  Parameters: {"authenticity_token"=>"NmOiLqur3t556GK4fIhV7hY0iWTgG/TC3HLtmk3W9X1gL4GUT8drh3LusLzvv+EgaVhizta9rlhal5D1VjiAxA==", "comment"=>{"name"=>"Ricky", "content"=>"test"}, "commit"=>"Create Comment", "post_id"=>"1"}
  [1m[36mPost Load (0.1ms)[0m  [1m[34mSELECT "posts".* FROM "posts" WHERE "posts"."id" = ? LIMIT ?[0m  [["id", 1], ["LIMIT", 1]]
  ↳ app/controllers/comments_controller.rb:3:in `create'
  [1m[35m (0.1ms)[0m  [1m[36mbegin transaction[0m
  ↳ app/controllers/comments_controller.rb:4:in `create'
  [1m[36mComment Create (0.5ms)[0m  [1m[32mINSERT INTO "comments" ("content", "name", "created_at", "updated_at", "post_id") VALUES (?, ?, ?, ?, ?)[0m  [["content", "test"], ["name", "Ricky"], ["created_at", "2020-04-27 16:42:24.937629"], ["updated_at", "2020-04-27 16:42:24.937629"], ["post_id", 1]]
  ↳ app/controllers/comments_controller.rb:4:in `create'
  [1m[35m (1.0ms)[0m  [1m[36mcommit transaction[0m
  ↳ app/controllers/comments_controller.rb:4:in `create'
Redirected to http://localhost:3000/posts/1
Completed 302 Found in 8ms (ActiveRecord: 1.8ms | Allocations: 3684)


Started GET "/posts/1" for ::1 at 2020-04-27 12:42:24 -0400
Processing by PostsController#show as HTML
  Parameters: {"id"=>"1"}
  [1m[36mPost Load (0.2ms)[0m  [1m[34mSELECT "posts".* FROM "posts" WHERE "posts"."id" = ? LIMIT ?[0m  [["id", 1], ["LIMIT", 1]]
  ↳ app/controllers/posts_controller.rb:68:in `set_post'
  Rendering posts/show.html.erb within layouts/application
  [1m[36mComment Load (0.2ms)[0m  [1m[34mSELECT "comments".* FROM "comments" WHERE "comments"."post_id" = ?[0m  [["post_id", 1]]
  ↳ app/views/posts/show.html.erb:14
  Rendered collection of comments/_comment.html.erb [2 times] (Duration: 0.1ms | Allocations: 26)
  Rendered comments/_form.html.erb (Duration: 1.1ms | Allocations: 606)
  Rendered posts/show.html.erb within layouts/application (Duration: 3.2ms | Allocations: 1697)
[Webpacker] Everything's up-to-date. Nothing to do
Completed 200 OK in 12ms (Views: 9.4ms | ActiveRecord: 0.3ms | Allocations: 6225)


Started GET "/posts" for ::1 at 2020-04-27 12:42:26 -0400
Processing by PostsController#index as HTML
  Rendering posts/index.html.erb within layouts/application
  [1m[36mPost Load (0.1ms)[0m  [1m[34mSELECT "posts".* FROM "posts"[0m
  ↳ app/views/posts/index.html.erb:19
  Rendered posts/index.html.erb within layouts/application (Duration: 21.6ms | Allocations: 1162)
[Webpacker] Everything's up-to-date. Nothing to do
Completed 200 OK in 29ms (Views: 27.4ms | ActiveRecord: 0.1ms | Allocations: 5348)


Started GET "/" for ::1 at 2020-04-27 12:45:23 -0400
  [1m[35m (0.4ms)[0m  [1m[34mSELECT sqlite_version(*)[0m
  [1m[35m (0.1ms)[0m  [1m[34mSELECT "schema_migrations"."version" FROM "schema_migrations" ORDER BY "schema_migrations"."version" ASC[0m
Processing by Rails::WelcomeController#index as HTML
  Rendering /Users/richardrosenthal/.rvm/gems/ruby-2.6.1/gems/railties-6.0.2.2/lib/rails/templates/rails/welcome/index.html.erb
  Rendered /Users/richardrosenthal/.rvm/gems/ruby-2.6.1/gems/railties-6.0.2.2/lib/rails/templates/rails/welcome/index.html.erb (Duration: 9.4ms | Allocations: 1136)
Completed 200 OK in 31ms (Views: 25.6ms | ActiveRecord: 0.0ms | Allocations: 3077)


Started GET "/posts" for ::1 at 2020-04-27 12:45:28 -0400
Processing by PostsController#index as HTML
  Rendering posts/index.html.erb within layouts/application
  [1m[36mPost Load (0.2ms)[0m  [1m[34mSELECT "posts".* FROM "posts"[0m
  ↳ app/views/posts/index.html.erb:19
  Rendered posts/index.html.erb within layouts/application (Duration: 6.9ms | Allocations: 4897)
[Webpacker] Everything's up-to-date. Nothing to do
Completed 200 OK in 39ms (Views: 34.7ms | ActiveRecord: 0.7ms | Allocations: 15432)


Started GET "/posts/1" for ::1 at 2020-04-27 12:45:30 -0400
Processing by PostsController#show as HTML
  Parameters: {"id"=>"1"}
  [1m[36mPost Load (0.2ms)[0m  [1m[34mSELECT "posts".* FROM "posts" WHERE "posts"."id" = ? LIMIT ?[0m  [["id", 1], ["LIMIT", 1]]
  ↳ app/controllers/posts_controller.rb:68:in `set_post'
  Rendering posts/show.html.erb within layouts/application
  [1m[36mComment Load (0.2ms)[0m  [1m[34mSELECT "comments".* FROM "comments" WHERE "comments"."post_id" = ?[0m  [["post_id", 1]]
  ↳ app/views/posts/show.html.erb:14
  Rendered collection of comments/_comment.html.erb [2 times] (Duration: 1.0ms | Allocations: 155)
  Rendered comments/_form.html.erb (Duration: 9.3ms | Allocations: 2640)
  Rendered posts/show.html.erb within layouts/application (Duration: 38.0ms | Allocations: 11889)
[Webpacker] Everything's up-to-date. Nothing to do
Completed 200 OK in 51ms (Views: 46.0ms | ActiveRecord: 1.0ms | Allocations: 16951)


Started POST "/posts/1/comments" for ::1 at 2020-04-27 12:45:33 -0400
Processing by CommentsController#create as HTML
  Parameters: {"authenticity_token"=>"uzhF0umH1sKSjOtnTdOtYD8EFp8Fu9a/mITFBDAilgPzDTPk9bxhrpHSpXqCE0gT0cBeGjUemTpwtAJhoGepuQ==", "comment"=>{"name"=>"r", "content"=>"r"}, "commit"=>"Create Comment", "post_id"=>"1"}
  [1m[36mPost Load (0.1ms)[0m  [1m[34mSELECT "posts".* FROM "posts" WHERE "posts"."id" = ? LIMIT ?[0m  [["id", 1], ["LIMIT", 1]]
  ↳ app/controllers/comments_controller.rb:3:in `create'
  [1m[35m (0.1ms)[0m  [1m[36mbegin transaction[0m
  ↳ app/controllers/comments_controller.rb:4:in `create'
  [1m[36mComment Create (0.8ms)[0m  [1m[32mINSERT INTO "comments" ("content", "name", "created_at", "updated_at", "post_id") VALUES (?, ?, ?, ?, ?)[0m  [["content", "r"], ["name", "r"], ["created_at", "2020-04-27 16:45:33.103735"], ["updated_at", "2020-04-27 16:45:33.103735"], ["post_id", 1]]
  ↳ app/controllers/comments_controller.rb:4:in `create'
  [1m[35m (1.2ms)[0m  [1m[36mcommit transaction[0m
  ↳ app/controllers/comments_controller.rb:4:in `create'
Redirected to http://localhost:3000/posts/1
Completed 302 Found in 11ms (ActiveRecord: 2.2ms | Allocations: 3699)


Started GET "/posts/1" for ::1 at 2020-04-27 12:45:33 -0400
Processing by PostsController#show as HTML
  Parameters: {"id"=>"1"}
  [1m[36mPost Load (0.1ms)[0m  [1m[34mSELECT "posts".* FROM "posts" WHERE "posts"."id" = ? LIMIT ?[0m  [["id", 1], ["LIMIT", 1]]
  ↳ app/controllers/posts_controller.rb:68:in `set_post'
  Rendering posts/show.html.erb within layouts/application
  [1m[36mComment Load (0.1ms)[0m  [1m[34mSELECT "comments".* FROM "comments" WHERE "comments"."post_id" = ?[0m  [["post_id", 1]]
  ↳ app/views/posts/show.html.erb:14
  Rendered collection of comments/_comment.html.erb [3 times] (Duration: 0.1ms | Allocations: 37)
  Rendered comments/_form.html.erb (Duration: 1.7ms | Allocations: 599)
  Rendered posts/show.html.erb within layouts/application (Duration: 4.8ms | Allocations: 1716)
[Webpacker] Everything's up-to-date. Nothing to do
Completed 200 OK in 17ms (Views: 15.2ms | ActiveRecord: 0.2ms | Allocations: 6269)


Started GET "/posts" for ::1 at 2020-04-27 12:45:38 -0400
Processing by PostsController#index as HTML
  Rendering posts/index.html.erb within layouts/application
  [1m[36mPost Load (0.1ms)[0m  [1m[34mSELECT "posts".* FROM "posts"[0m
  ↳ app/views/posts/index.html.erb:19
  Rendered posts/index.html.erb within layouts/application (Duration: 1.6ms | Allocations: 865)
[Webpacker] Everything's up-to-date. Nothing to do
Completed 200 OK in 11ms (Views: 9.9ms | ActiveRecord: 0.1ms | Allocations: 4932)


Started GET "/posts" for ::1 at 2020-04-27 12:47:18 -0400
  [1m[35m (0.4ms)[0m  [1m[34mSELECT sqlite_version(*)[0m
  [1m[35m (0.1ms)[0m  [1m[34mSELECT "schema_migrations"."version" FROM "schema_migrations" ORDER BY "schema_migrations"."version" ASC[0m
Processing by PostsController#index as HTML
  Rendering posts/index.html.erb within layouts/application
  [1m[36mPost Load (0.2ms)[0m  [1m[34mSELECT "posts".* FROM "posts"[0m
  ↳ app/views/posts/index.html.erb:19
  Rendered posts/index.html.erb within layouts/application (Duration: 21.4ms | Allocations: 4967)
[Webpacker] Everything's up-to-date. Nothing to do
Completed 200 OK in 56ms (Views: 49.0ms | ActiveRecord: 0.6ms | Allocations: 16187)


Started GET "/posts/1" for ::1 at 2020-04-27 12:47:20 -0400
Processing by PostsController#show as HTML
  Parameters: {"id"=>"1"}
  [1m[36mPost Load (0.2ms)[0m  [1m[34mSELECT "posts".* FROM "posts" WHERE "posts"."id" = ? LIMIT ?[0m  [["id", 1], ["LIMIT", 1]]
  ↳ app/controllers/posts_controller.rb:68:in `set_post'
  Rendering posts/show.html.erb within layouts/application
  [1m[36mComment Load (0.2ms)[0m  [1m[34mSELECT "comments".* FROM "comments" WHERE "comments"."post_id" = ?[0m  [["post_id", 1]]
  ↳ app/views/posts/show.html.erb:14
  Rendered collection of comments/_comment.html.erb [3 times] (Duration: 0.3ms | Allocations: 166)
  Rendered comments/_form.html.erb (Duration: 5.3ms | Allocations: 2640)
  Rendered posts/show.html.erb within layouts/application (Duration: 23.1ms | Allocations: 11919)
[Webpacker] Everything's up-to-date. Nothing to do
Completed 200 OK in 35ms (Views: 31.2ms | ActiveRecord: 1.1ms | Allocations: 16950)


Started POST "/posts/1/comments" for ::1 at 2020-04-27 12:47:25 -0400
Processing by CommentsController#create as HTML
  Parameters: {"authenticity_token"=>"RR90LN6/omcwkik8RiNGkKFVKyM/VD4vafoIdwag1MwTU1eWOtMXPjuU+zjVFPJe3jnAiQnyZLXvH3UYHU6hdQ==", "comment"=>{"name"=>"Ricky", "content"=>"r"}, "commit"=>"Create Comment", "post_id"=>"1"}
  [1m[36mPost Load (0.1ms)[0m  [1m[34mSELECT "posts".* FROM "posts" WHERE "posts"."id" = ? LIMIT ?[0m  [["id", 1], ["LIMIT", 1]]
  ↳ app/controllers/comments_controller.rb:4:in `create'
  [1m[35m (0.0ms)[0m  [1m[36mbegin transaction[0m
  ↳ app/controllers/comments_controller.rb:6:in `create'
  [1m[36mComment Create (0.5ms)[0m  [1m[32mINSERT INTO "comments" ("content", "name", "created_at", "updated_at", "post_id") VALUES (?, ?, ?, ?, ?)[0m  [["content", "r"], ["name", "Ricky"], ["created_at", "2020-04-27 16:47:25.480013"], ["updated_at", "2020-04-27 16:47:25.480013"], ["post_id", 1]]
  ↳ app/controllers/comments_controller.rb:6:in `create'
  [1m[35m (1.0ms)[0m  [1m[36mcommit transaction[0m
  ↳ app/controllers/comments_controller.rb:6:in `create'
Redirected to http://localhost:3000/posts/1
Completed 302 Found in 12ms (ActiveRecord: 1.6ms | Allocations: 3677)


Started GET "/posts/1" for ::1 at 2020-04-27 12:47:25 -0400
Processing by PostsController#show as HTML
  Parameters: {"id"=>"1"}
  [1m[36mPost Load (0.2ms)[0m  [1m[34mSELECT "posts".* FROM "posts" WHERE "posts"."id" = ? LIMIT ?[0m  [["id", 1], ["LIMIT", 1]]
  ↳ app/controllers/posts_controller.rb:68:in `set_post'
  Rendering posts/show.html.erb within layouts/application
  [1m[36mComment Load (0.1ms)[0m  [1m[34mSELECT "comments".* FROM "comments" WHERE "comments"."post_id" = ?[0m  [["post_id", 1]]
  ↳ app/views/posts/show.html.erb:14
  Rendered collection of comments/_comment.html.erb [4 times] (Duration: 0.5ms | Allocations: 48)
  Rendered comments/_form.html.erb (Duration: 1.4ms | Allocations: 599)
  Rendered posts/show.html.erb within layouts/application (Duration: 4.0ms | Allocations: 1746)
[Webpacker] Everything's up-to-date. Nothing to do
Completed 200 OK in 20ms (Views: 18.0ms | ActiveRecord: 0.2ms | Allocations: 6276)


Started GET "/posts" for ::1 at 2020-04-27 12:47:28 -0400
Processing by PostsController#index as HTML
  Rendering posts/index.html.erb within layouts/application
  [1m[36mPost Load (0.1ms)[0m  [1m[34mSELECT "posts".* FROM "posts"[0m
  ↳ app/views/posts/index.html.erb:19
  Rendered posts/index.html.erb within layouts/application (Duration: 1.6ms | Allocations: 865)
[Webpacker] Everything's up-to-date. Nothing to do
Completed 200 OK in 13ms (Views: 11.8ms | ActiveRecord: 0.1ms | Allocations: 4907)


Started GET "/posts/3" for ::1 at 2020-04-27 12:48:16 -0400
  [1m[35m (0.3ms)[0m  [1m[34mSELECT sqlite_version(*)[0m
  [1m[35m (0.1ms)[0m  [1m[34mSELECT "schema_migrations"."version" FROM "schema_migrations" ORDER BY "schema_migrations"."version" ASC[0m
Processing by PostsController#show as HTML
  Parameters: {"id"=>"3"}
  [1m[36mPost Load (0.2ms)[0m  [1m[34mSELECT "posts".* FROM "posts" WHERE "posts"."id" = ? LIMIT ?[0m  [["id", 3], ["LIMIT", 1]]
  ↳ app/controllers/posts_controller.rb:68:in `set_post'
  Rendering posts/show.html.erb within layouts/application
  [1m[36mComment Load (0.1ms)[0m  [1m[34mSELECT "comments".* FROM "comments" WHERE "comments"."post_id" = ?[0m  [["post_id", 3]]
  ↳ app/views/posts/show.html.erb:14
  Rendered collection of comments/_comment.html.erb [3 times] (Duration: 0.4ms | Allocations: 166)
  Rendered comments/_form.html.erb (Duration: 4.8ms | Allocations: 2716)
  Rendered posts/show.html.erb within layouts/application (Duration: 24.6ms | Allocations: 13092)
[Webpacker] Everything's up-to-date. Nothing to do
Completed 200 OK in 74ms (Views: 46.5ms | ActiveRecord: 1.3ms | Allocations: 27788)


Started POST "/posts/3/comments" for ::1 at 2020-04-27 12:48:26 -0400
Processing by CommentsController#create as HTML
  Parameters: {"authenticity_token"=>"t3bYMQmr2Kobgw28olHCs86Qfr1DEWFv/blTbG8V3gGmcag/kAs9B6XWw6gEPz4EXL4mdyhwg8BObRjxIglNWQ==", "comment"=>{"name"=>"Testing ", "content"=>"TEst"}, "commit"=>"Create Comment", "post_id"=>"3"}
  [1m[36mPost Load (0.1ms)[0m  [1m[34mSELECT "posts".* FROM "posts" WHERE "posts"."id" = ? LIMIT ?[0m  [["id", 3], ["LIMIT", 1]]
  ↳ app/controllers/comments_controller.rb:4:in `create'
  [1m[35m (0.0ms)[0m  [1m[36mbegin transaction[0m
  ↳ app/controllers/comments_controller.rb:6:in `create'
  [1m[36mComment Create (0.5ms)[0m  [1m[32mINSERT INTO "comments" ("content", "name", "created_at", "updated_at", "post_id") VALUES (?, ?, ?, ?, ?)[0m  [["content", "TEst"], ["name", "Testing "], ["created_at", "2020-04-27 16:48:26.008477"], ["updated_at", "2020-04-27 16:48:26.008477"], ["post_id", 3]]
  ↳ app/controllers/comments_controller.rb:6:in `create'
  [1m[35m (1.0ms)[0m  [1m[36mcommit transaction[0m
  ↳ app/controllers/comments_controller.rb:6:in `create'
Redirected to http://localhost:3000/posts/3
Completed 302 Found in 7ms (ActiveRecord: 1.7ms | Allocations: 3678)


Started GET "/posts/3" for ::1 at 2020-04-27 12:48:26 -0400
Processing by PostsController#show as HTML
  Parameters: {"id"=>"3"}
  [1m[36mPost Load (0.2ms)[0m  [1m[34mSELECT "posts".* FROM "posts" WHERE "posts"."id" = ? LIMIT ?[0m  [["id", 3], ["LIMIT", 1]]
  ↳ app/controllers/posts_controller.rb:68:in `set_post'
  Rendering posts/show.html.erb within layouts/application
  [1m[36mComment Load (0.1ms)[0m  [1m[34mSELECT "comments".* FROM "comments" WHERE "comments"."post_id" = ?[0m  [["post_id", 3]]
  ↳ app/views/posts/show.html.erb:14
  Rendered collection of comments/_comment.html.erb [4 times] (Duration: 0.1ms | Allocations: 48)
  Rendered comments/_form.html.erb (Duration: 1.4ms | Allocations: 606)
  Rendered posts/show.html.erb within layouts/application (Duration: 4.6ms | Allocations: 1757)
[Webpacker] Everything's up-to-date. Nothing to do
Completed 200 OK in 19ms (Views: 16.0ms | ActiveRecord: 0.2ms | Allocations: 6284)


